<?xml version="1.0" encoding="UTF-8"?>
<!-- Generated by org.testng.reporters.JUnitReportReporter -->
<testsuite skipped="0" hostname="DESKTOP-2RRIQQ9" name="by.omel.test.CountTheNumberOfSentEmailsTest" tests="1" failures="0" timestamp="26 Apr 2017 09:44:57 GMT" time="13.056" errors="0">
  <testcase name="countTheNumberOfSentEmails" time="13.056" classname="by.omel.test.CountTheNumberOfSentEmailsTest"/>
</testsuite> <!-- by.omel.test.CountTheNumberOfSentEmailsTest -->
