<?xml version="1.0" encoding="UTF-8"?>
<!-- Generated by org.testng.reporters.JUnitReportReporter -->
<testsuite skipped="0" hostname="DESKTOP-2RRIQQ9" name="by.omel.NewTest" tests="1" failures="0" timestamp="23 Apr 2017 19:29:17 GMT" time="13.328" errors="0">
  <testcase name="testFindElements" time="13.328" classname="by.omel.NewTest"/>
</testsuite> <!-- by.omel.NewTest -->
