<?xml version="1.0" encoding="UTF-8"?>
<!-- Generated by org.testng.reporters.JUnitReportReporter -->
<testsuite hostname="DESKTOP-2RRIQQ9" name="by.omel.test.CountTheNumberOfSentEmailsTest" tests="1" failures="0" timestamp="26 Apr 2017 10:31:11 GMT" time="15.578" errors="0">
  <testcase name="countTheNumberOfSentEmails" time="15.578" classname="by.omel.test.CountTheNumberOfSentEmailsTest"/>
</testsuite> <!-- by.omel.test.CountTheNumberOfSentEmailsTest -->
